<?xml version="1.0" encoding="UTF-8"?>
<!-- Generated by org.testng.reporters.JUnitReportReporter -->
<testsuite name="MCQTest" tests="2" time="0.020" ignored="0" failures="0" timestamp="09 Mar 2017 19:45:35 GMT" skipped="0" hostname="HP" errors="0">
  <testcase name="PlayMCQ" time="0.015" classname="MCQTest"/>
  <testcase name="PlayMCQ" time="0.005" classname="MCQTest"/>
</testsuite> <!-- MCQTest -->
