<?xml version="1.0" encoding="UTF-8"?>
<!-- Generated by org.testng.reporters.JUnitReportReporter -->
<testsuite name="AddGameTest" tests="1" time="0.000" ignored="0" failures="0" timestamp="09 Mar 2017 23:39:58 GMT" skipped="1" hostname="HP" errors="0">
  <testcase name="create_game" time="0.000" classname="AddGameTest">
    <skipped/>
  </testcase> <!-- create_game -->
</testsuite> <!-- AddGameTest -->
