<?xml version="1.0" encoding="UTF-8"?>
<!-- Generated by org.testng.reporters.JUnitReportReporter -->
<testsuite name="RegisterationTest" tests="1" time="28.182" ignored="0" failures="0" timestamp="09 Mar 2017 16:02:53 GMT" skipped="0" hostname="HP" errors="0">
  <testcase name="Check_infoS" time="28.182" classname="RegisterationTest"/>
</testsuite> <!-- RegisterationTest -->
